[ { file: '1000.jpg' },
  { file: '1001.jpg' },
  { file: '1002.jpg' },
  { file: '1003.jpg' },
  { file: '1004.jpg' },
  { file: '1005.jpg' },
  { file: '1006.jpg' },
  { file: '1007.jpg' },
  { file: '1008.jpg' },
  { file: '1009.jpg' },
  { file: '101.jpg' },
  { file: '1010.jpg' },
  { file: '1011.jpg' },
  { file: '1012.jpg' },
  { file: '1013.jpg' },
  { file: '1014.jpg' },
  { file: '1015.jpg' },
  { file: '1016.jpg' },
  { file: '1017.jpg' },
  { file: '1018.jpg' },
  { file: '1019.jpg' },
  { file: '102.jpg' },
  { file: '1020.jpg' },
  { file: '1021.jpg' },
  { file: '1022.jpg' },
  { file: '1023.jpg' },
  { file: '1024.jpg' },
  { file: '1025.jpg' },
  { file: '1026.jpg' },
  { file: '128.jpg' },
  { file: '129.jpg' },
  { file: '13.jpg' },
  { file: '130.jpg' },
  { file: '131.jpg' },
  { file: '132.jpg' },
  { file: '133.jpg' },
  { file: '134.jpg' },
  { file: '135.jpg' },
  { file: '136.jpg' },
  { file: '137.jpg' },
  { file: '138.jpg' },
  { file: '139.jpg' },
  { file: '14.jpg' } ]
done resizing
thread created.
thread created.
thread created.
thread created.
15%
16%
17%
18%
19%
20%
21%
22%
23%
24%
25%
26%
27%
28%
29%
30%
31%
32%
33%
34%
35%
36%
37%
38%
39%
40%
41%
42%
43%
44%
45%
46%
47%
48%
49%
50%
51%
52%
53%
54%
55%
56%
57%
58%
59%
60%
61%
62%
63%
64%
65%
66%
67%
68%
69%
70%
71%
72%
73%
74%
75%
76%
77%
78%
79%
80%
81%
82%
83%
84%
85%
86%
87%
88%
89%
90%
91%
92%
93%
94%
95%
96%
97%
98%
99%
100%
thread run done
all done
